<?xml version="1.0" encoding="UTF-8"?>
<testsuite xmlns:xsi="http://www.w3.org/2001/XMLSchema-instance" xsi:noNamespaceSchemaLocation="https://maven.apache.org/surefire/maven-surefire-plugin/xsd/surefire-test-report.xsd" name="ch.admin.bag.covidcode.authcodegeneration.web.controller.AuthCodeVerificationControllerTest" time="0.068" tests="2" errors="0" skipped="0" failures="0">
  <properties>
[...]
</properties>
  <testcase name="test_verify_not_found_exception" classname="ch.admin.bag.covidcode.authcodegeneration.web.controller.AuthCodeVerificationControllerTest" time="0.036"/>
  <testcase name="test_verify" classname="ch.admin.bag.covidcode.authcodegeneration.web.controller.AuthCodeVerificationControllerTest" time="0.029"/>
</testsuite>